2022-06-19T15:54:28.965Z
Error: ENOENT: no such file or directory, stat '/data/data/com.termux/files/home/awo/schema.up.sql'
    at Object.statSync (node:fs:1551:3)
    at validateFilePlugin (/data/data/com.termux/files/usr/lib/node_modules/@dbml/cli/lib/cli/validatePlugins/validatePlugins.js:13:28)
    at /data/data/com.termux/files/usr/lib/node_modules/@dbml/cli/lib/cli/utils.js:28:31
    at Array.every (<anonymous>)
    at validateInputFilePaths (/data/data/com.termux/files/usr/lib/node_modules/@dbml/cli/lib/cli/utils.js:28:16)
    at importHandler (/data/data/com.termux/files/usr/lib/node_modules/@dbml/cli/lib/cli/import.js:33:39)
    at Object.sql2dbml (/data/data/com.termux/files/usr/lib/node_modules/@dbml/cli/lib/cli/index.js:38:23)
    at Object.<anonymous> (/data/data/com.termux/files/usr/lib/node_modules/@dbml/cli/bin/sql2dbml.js:4:19)
    at Module._compile (node:internal/modules/cjs/loader:1105:14)
    at Object.Module._extensions..js (node:internal/modules/cjs/loader:1159:10)

2022-06-22T17:49:57.071Z
Error: ENOENT: no such file or directory, stat '/data/data/com.termux/files/home/awo/schema.up.sql'
    at Object.statSync (node:fs:1551:3)
    at validateFilePlugin (/data/data/com.termux/files/usr/lib/node_modules/@dbml/cli/lib/cli/validatePlugins/validatePlugins.js:13:28)
    at /data/data/com.termux/files/usr/lib/node_modules/@dbml/cli/lib/cli/utils.js:28:31
    at Array.every (<anonymous>)
    at validateInputFilePaths (/data/data/com.termux/files/usr/lib/node_modules/@dbml/cli/lib/cli/utils.js:28:16)
    at importHandler (/data/data/com.termux/files/usr/lib/node_modules/@dbml/cli/lib/cli/import.js:33:39)
    at Object.sql2dbml (/data/data/com.termux/files/usr/lib/node_modules/@dbml/cli/lib/cli/index.js:38:23)
    at Object.<anonymous> (/data/data/com.termux/files/usr/lib/node_modules/@dbml/cli/bin/sql2dbml.js:4:19)
    at Module._compile (node:internal/modules/cjs/loader:1105:14)
    at Object.Module._extensions..js (node:internal/modules/cjs/loader:1159:10)

2022-06-22T17:50:39.145Z
Error: ENOENT: no such file or directory, stat '/data/data/com.termux/files/home/awo/schema.up.sql'
    at Object.statSync (node:fs:1551:3)
    at validateFilePlugin (/data/data/com.termux/files/usr/lib/node_modules/@dbml/cli/lib/cli/validatePlugins/validatePlugins.js:13:28)
    at /data/data/com.termux/files/usr/lib/node_modules/@dbml/cli/lib/cli/utils.js:28:31
    at Array.every (<anonymous>)
    at validateInputFilePaths (/data/data/com.termux/files/usr/lib/node_modules/@dbml/cli/lib/cli/utils.js:28:16)
    at importHandler (/data/data/com.termux/files/usr/lib/node_modules/@dbml/cli/lib/cli/import.js:33:39)
    at Object.sql2dbml (/data/data/com.termux/files/usr/lib/node_modules/@dbml/cli/lib/cli/index.js:38:23)
    at Object.<anonymous> (/data/data/com.termux/files/usr/lib/node_modules/@dbml/cli/bin/sql2dbml.js:4:19)
    at Module._compile (node:internal/modules/cjs/loader:1105:14)
    at Object.Module._extensions..js (node:internal/modules/cjs/loader:1159:10)

