2022-06-08T19:32:23.536Z
SyntaxError: You have a syntax error at "schema.up.sql" line 27 column 8. Expected "GLOBAL", "INDEX", "LOCAL", "SCHEMA", "SEQUENCE", "TABLE", "TEMP", "TEMPORARY", "TYPE", "UNIQUE", "UNLOGGED", or "VIEW" but "F" found.
    at /data/data/com.termux/files/usr/lib/node_modules/@dbml/cli/lib/cli/utils.js:55:13
    at Array.forEach (<anonymous>)
    at generate (/data/data/com.termux/files/usr/lib/node_modules/@dbml/cli/lib/cli/utils.js:48:14)
    at importHandler (/data/data/com.termux/files/usr/lib/node_modules/@dbml/cli/lib/cli/import.js:38:27)
    at Object.sql2dbml (/data/data/com.termux/files/usr/lib/node_modules/@dbml/cli/lib/cli/index.js:38:23)
    at Object.<anonymous> (/data/data/com.termux/files/usr/lib/node_modules/@dbml/cli/bin/sql2dbml.js:4:19)
    at Module._compile (node:internal/modules/cjs/loader:1105:14)
    at Object.Module._extensions..js (node:internal/modules/cjs/loader:1159:10)
    at Module.load (node:internal/modules/cjs/loader:981:32)
    at Function.Module._load (node:internal/modules/cjs/loader:822:12)

ROOT_ERROR:
SyntaxError: Expected "GLOBAL", "INDEX", "LOCAL", "SCHEMA", "SEQUENCE", "TABLE", "TEMP", "TEMPORARY", "TYPE", "UNIQUE", "UNLOGGED", or "VIEW" but "F" found.
    at peg$buildStructuredError (/data/data/com.termux/files/usr/lib/node_modules/@dbml/cli/node_modules/@dbml/core/lib/parse/postgresParser.js:34:7205)
    at Object.peg$parse [as parse] (/data/data/com.termux/files/usr/lib/node_modules/@dbml/cli/node_modules/@dbml/core/lib/parse/postgresParser.js:43:598)
    at Function.parsePostgresToJSON (/data/data/com.termux/files/usr/lib/node_modules/@dbml/cli/node_modules/@dbml/core/lib/parse/Parser.js:49:41)
    at Function.parse (/data/data/com.termux/files/usr/lib/node_modules/@dbml/cli/node_modules/@dbml/core/lib/parse/Parser.js:77:32)
    at Object._import [as import] (/data/data/com.termux/files/usr/lib/node_modules/@dbml/cli/node_modules/@dbml/core/lib/import/index.js:15:37)
    at /data/data/com.termux/files/usr/lib/node_modules/@dbml/cli/lib/cli/import.js:38:68
    at /data/data/com.termux/files/usr/lib/node_modules/@dbml/cli/lib/cli/utils.js:52:23
    at Array.forEach (<anonymous>)
    at generate (/data/data/com.termux/files/usr/lib/node_modules/@dbml/cli/lib/cli/utils.js:48:14)
    at importHandler (/data/data/com.termux/files/usr/lib/node_modules/@dbml/cli/lib/cli/import.js:38:27)
{"start":{"offset":583,"line":27,"column":8},"end":{"offset":584,"line":27,"column":9}}

